# JRE version: Java(TM) SE Runtime Environment (8.0_161-b12) (build 1.8.0_161-b12)
# Java VM: Java HotSpot(TM) 64-Bit Server VM (25.161-b12 mixed mode windows-amd64 compressed oops)
Heap:
 PSYoungGen      total 201728K, used 158775K [0x00000000eab00000, 0x00000000f8800000, 0x0000000100000000)
  eden space 183296K, 82% used [0x00000000eab00000,0x00000000f3f652c0,0x00000000f5e00000)
  from space 18432K, 36% used [0x00000000f7600000,0x00000000f7ca8d20,0x00000000f8800000)
  to   space 21504K, 0% used [0x00000000f5e00000,0x00000000f5e00000,0x00000000f7300000)
 ParOldGen       total 349696K, used 16854K [0x00000000c0000000, 0x00000000d5580000, 0x00000000eab00000)
  object space 349696K, 4% used [0x00000000c0000000,0x00000000c1075a78,0x00000000d5580000)
 Metaspace       used 47218K, capacity 49044K, committed 49200K, reserved 1091584K
  class space    used 5830K, capacity 6172K, committed 6192K, reserved 1048576K
GC Heap History (10 events):
Event: 6.088 GC heap before
{Heap before GC invocations=2 (full 1):
 PSYoungGen      total 153088K, used 16220K [0x00000000eab00000, 0x00000000f5580000, 0x0000000100000000)
  eden space 131584K, 0% used [0x00000000eab00000,0x00000000eab00000,0x00000000f2b80000)
  from space 21504K, 75% used [0x00000000f2b80000,0x00000000f3b57028,0x00000000f4080000)
  to   space 21504K, 0% used [0x00000000f4080000,0x00000000f4080000,0x00000000f5580000)
 ParOldGen       total 349696K, used 16K [0x00000000c0000000, 0x00000000d5580000, 0x00000000eab00000)
  object space 349696K, 0% used [0x00000000c0000000,0x00000000c0004000,0x00000000d5580000)
 Metaspace       used 20634K, capacity 21198K, committed 21296K, reserved 1067008K
  class space    used 2663K, capacity 2835K, committed 2864K, reserved 1048576K
Event: 6.140 GC heap after
Heap after GC invocations=2 (full 1):
 PSYoungGen      total 153088K, used 0K [0x00000000eab00000, 0x00000000f5580000, 0x0000000100000000)
  eden space 131584K, 0% used [0x00000000eab00000,0x00000000eab00000,0x00000000f2b80000)
  from space 21504K, 0% used [0x00000000f2b80000,0x00000000f2b80000,0x00000000f4080000)
  to   space 21504K, 0% used [0x00000000f4080000,0x00000000f4080000,0x00000000f5580000)
 ParOldGen       total 349696K, used 15412K [0x00000000c0000000, 0x00000000d5580000, 0x00000000eab00000)
  object space 349696K, 4% used [0x00000000c0000000,0x00000000c0f0d348,0x00000000d5580000)
 Metaspace       used 20632K, capacity 21192K, committed 21296K, reserved 1067008K
  class space    used 2663K, capacity 2834K, committed 2864K, reserved 1048576K
}
Event: 13.689 GC heap before
{Heap before GC invocations=3 (full 1):
 PSYoungGen      total 153088K, used 131584K [0x00000000eab00000, 0x00000000f5580000, 0x0000000100000000)
  eden space 131584K, 100% used [0x00000000eab00000,0x00000000f2b80000,0x00000000f2b80000)
  from space 21504K, 0% used [0x00000000f2b80000,0x00000000f2b80000,0x00000000f4080000)
  to   space 21504K, 0% used [0x00000000f4080000,0x00000000f4080000,0x00000000f5580000)
 ParOldGen       total 349696K, used 15412K [0x00000000c0000000, 0x00000000d5580000, 0x00000000eab00000)
  object space 349696K, 4% used [0x00000000c0000000,0x00000000c0f0d348,0x00000000d5580000)
 Metaspace       used 30309K, capacity 31280K, committed 31536K, reserved 1077248K
  class space    used 3900K, capacity 4118K, committed 4144K, reserved 1048576K
Event: 13.728 GC heap after
Heap after GC invocations=3 (full 1):
 PSYoungGen      total 153088K, used 13502K [0x00000000eab00000, 0x00000000f7e80000, 0x0000000100000000)
  eden space 131584K, 0% used [0x00000000eab00000,0x00000000eab00000,0x00000000f2b80000)
  from space 21504K, 62% used [0x00000000f4080000,0x00000000f4dafb80,0x00000000f5580000)
  to   space 21504K, 0% used [0x00000000f2b80000,0x00000000f2b80000,0x00000000f4080000)
 ParOldGen       total 349696K, used 15484K [0x00000000c0000000, 0x00000000d5580000, 0x00000000eab00000)
  object space 349696K, 4% used [0x00000000c0000000,0x00000000c0f1f358,0x00000000d5580000)
 Metaspace       used 30309K, capacity 31280K, committed 31536K, reserved 1077248K
  class space    used 3900K, capacity 4118K, committed 4144K, reserved 1048576K
}
Event: 15.667 GC heap before
{Heap before GC invocations=4 (full 1):
 PSYoungGen      total 153088K, used 82388K [0x00000000eab00000, 0x00000000f7e80000, 0x0000000100000000)
  eden space 131584K, 52% used [0x00000000eab00000,0x00000000eee456b8,0x00000000f2b80000)
  from space 21504K, 62% used [0x00000000f4080000,0x00000000f4dafb80,0x00000000f5580000)
  to   space 21504K, 0% used [0x00000000f2b80000,0x00000000f2b80000,0x00000000f4080000)
 ParOldGen       total 349696K, used 15484K [0x00000000c0000000, 0x00000000d5580000, 0x00000000eab00000)
  object space 349696K, 4% used [0x00000000c0000000,0x00000000c0f1f358,0x00000000d5580000)
 Metaspace       used 33888K, capacity 35334K, committed 35496K, reserved 1081344K
  class space    used 4325K, capacity 4607K, committed 4656K, reserved 1048576K
Event: 15.688 GC heap after
Heap after GC invocations=4 (full 1):
 PSYoungGen      total 153088K, used 12191K [0x00000000eab00000, 0x00000000f8b00000, 0x0000000100000000)
  eden space 131584K, 0% used [0x00000000eab00000,0x00000000eab00000,0x00000000f2b80000)
  from space 21504K, 56% used [0x00000000f2b80000,0x00000000f3767d08,0x00000000f4080000)
  to   space 21504K, 0% used [0x00000000f7600000,0x00000000f7600000,0x00000000f8b00000)
 ParOldGen       total 349696K, used 15484K [0x00000000c0000000, 0x00000000d5580000, 0x00000000eab00000)
  object space 349696K, 4% used [0x00000000c0000000,0x00000000c0f1f358,0x00000000d5580000)
 Metaspace       used 33888K, capacity 35334K, committed 35496K, reserved 1081344K
  class space    used 4325K, capacity 4607K, committed 4656K, reserved 1048576K
}
Event: 15.688 GC heap before
{Heap before GC invocations=5 (full 2):
 PSYoungGen      total 153088K, used 12191K [0x00000000eab00000, 0x00000000f8b00000, 0x0000000100000000)
  eden space 131584K, 0% used [0x00000000eab00000,0x00000000eab00000,0x00000000f2b80000)
  from space 21504K, 56% used [0x00000000f2b80000,0x00000000f3767d08,0x00000000f4080000)
  to   space 21504K, 0% used [0x00000000f7600000,0x00000000f7600000,0x00000000f8b00000)
 ParOldGen       total 349696K, used 15484K [0x00000000c0000000, 0x00000000d5580000, 0x00000000eab00000)
  object space 349696K, 4% used [0x00000000c0000000,0x00000000c0f1f358,0x00000000d5580000)
 Metaspace       used 33888K, capacity 35334K, committed 35496K, reserved 1081344K
  class space    used 4325K, capacity 4607K, committed 4656K, reserved 1048576K
Event: 15.808 GC heap after
Heap after GC invocations=5 (full 2):
 PSYoungGen      total 153088K, used 0K [0x00000000eab00000, 0x00000000f8b00000, 0x0000000100000000)
  eden space 131584K, 0% used [0x00000000eab00000,0x00000000eab00000,0x00000000f2b80000)
  from space 21504K, 0% used [0x00000000f2b80000,0x00000000f2b80000,0x00000000f4080000)
  to   space 21504K, 0% used [0x00000000f7600000,0x00000000f7600000,0x00000000f8b00000)
 ParOldGen       total 349696K, used 16846K [0x00000000c0000000, 0x00000000d5580000, 0x00000000eab00000)
  object space 349696K, 4% used [0x00000000c0000000,0x00000000c1073a78,0x00000000d5580000)
 Metaspace       used 33888K, capacity 35334K, committed 35496K, reserved 1081344K
  class space    used 4325K, capacity 4607K, committed 4656K, reserved 1048576K
}
Event: 17.749 GC heap before
{Heap before GC invocations=6 (full 2):
 PSYoungGen      total 153088K, used 131584K [0x00000000eab00000, 0x00000000f8b00000, 0x0000000100000000)
  eden space 131584K, 100% used [0x00000000eab00000,0x00000000f2b80000,0x00000000f2b80000)
  from space 21504K, 0% used [0x00000000f2b80000,0x00000000f2b80000,0x00000000f4080000)
  to   space 21504K, 0% used [0x00000000f7600000,0x00000000f7600000,0x00000000f8b00000)
 ParOldGen       total 349696K, used 16846K [0x00000000c0000000, 0x00000000d5580000, 0x00000000eab00000)
  object space 349696K, 4% used [0x00000000c0000000,0x00000000c1073a78,0x00000000d5580000)
 Metaspace       used 40349K, capacity 41996K, committed 42288K, reserved 1085440K
  class space    used 5047K, capacity 5376K, committed 5424K, reserved 1048576K
Event: 17.768 GC heap after
Heap after GC invocations=6 (full 2):
 PSYoungGen      total 201728K, used 6819K [0x00000000eab00000, 0x00000000f8800000, 0x0000000100000000)
  eden space 183296K, 0% used [0x00000000eab00000,0x00000000eab00000,0x00000000f5e00000)
  from space 18432K, 36% used [0x00000000f7600000,0x00000000f7ca8d20,0x00000000f8800000)
  to   space 21504K, 0% used [0x00000000f5e00000,0x00000000f5e00000,0x00000000f7300000)
 ParOldGen       total 349696K, used 16854K [0x00000000c0000000, 0x00000000d5580000, 0x00000000eab00000)
  object space 349696K, 4% used [0x00000000c0000000,0x00000000c1075a78,0x00000000d5580000)
 Metaspace       used 40349K, capacity 41996K, committed 42288K, reserved 1085440K
  class space    used 5047K, capacity 5376K, committed 5424K, reserved 1048576K
}

